<?xml version="1.0" encoding="UTF-8"?>
<!-- Generated by org.testng.reporters.JUnitReportReporter -->
<testsuite skipped="0" hostname="LAPTOP-FHJUQOOV" name="Testexecution.Loginexecution" tests="1" failures="0" timestamp="06 Jun 2021 13:50:53 GMT" time="5.440" errors="0">
  <testcase name="login" time="5.440" classname="Testexecution.Loginexecution"/>
</testsuite> <!-- Testexecution.Loginexecution -->
