<?xml version="1.0" encoding="UTF-8"?>
<!-- Generated by org.testng.reporters.JUnitReportReporter -->
<testsuite skipped="0" hostname="LAPTOP-FHJUQOOV" name="Testexecution.parallelexecution" tests="2" failures="0" timestamp="05 Jun 2021 19:56:21 GMT" time="23.346" errors="0">
  <testcase name="chrome" time="9.433" classname="Testexecution.parallelexecution"/>
  <testcase name="firefox" time="13.913" classname="Testexecution.parallelexecution"/>
</testsuite> <!-- Testexecution.parallelexecution -->
