<?xml version="1.0" encoding="UTF-8"?>
<!-- Generated by org.testng.reporters.JUnitReportReporter -->
<testsuite skipped="0" hostname="LAPTOP-FHJUQOOV" name="Testexecution.Homeexecution" tests="2" failures="0" timestamp="06 Jun 2021 13:50:53 GMT" time="2.563" errors="0">
  <testcase name="test1" time="0.247" classname="Testexecution.Homeexecution"/>
  <testcase name="test" time="2.316" classname="Testexecution.Homeexecution"/>
</testsuite> <!-- Testexecution.Homeexecution -->
